{"C:\\Users\\svenh\\italy_code\\mobile_application_project\\App.js": {"path":"C:\\Users\\svenh\\italy_code\\mobile_application_project\\App.js","statementMap":{"0":{"start":{"line":6,"column":2},"end":{"line":10,"column":4}}},"fnMap":{"0":{"name":"App","decl":{"start":{"line":5,"column":24},"end":{"line":5,"column":27}},"loc":{"start":{"line":5,"column":30},"end":{"line":11,"column":1}},"line":5}},"branchMap":{},"s":{"0":2},"f":{"0":2},"b":{},"_coverageSchema":"1a1c01bbd47fc00a2c39e90264f33305004495a9","hash":"28d8ef218b6d5e341932fe4158578d26163d0c10"}
,"C:\\Users\\svenh\\italy_code\\mobile_application_project\\firebase-config.js": {"path":"C:\\Users\\svenh\\italy_code\\mobile_application_project\\firebase-config.js","statementMap":{"0":{"start":{"line":10,"column":23},"end":{"line":18,"column":1}},"1":{"start":{"line":21,"column":12},"end":{"line":21,"column":41}},"2":{"start":{"line":23,"column":20},"end":{"line":23,"column":32}},"3":{"start":{"line":24,"column":18},"end":{"line":24,"column":35}},"4":{"start":{"line":25,"column":23},"end":{"line":25,"column":38}}},"fnMap":{},"branchMap":{},"s":{"0":4,"1":4,"2":4,"3":4,"4":4},"f":{},"b":{},"_coverageSchema":"1a1c01bbd47fc00a2c39e90264f33305004495a9","hash":"ebeba676bbc71aaac6c652bbd4f784b738bda06a"}
,"C:\\Users\\svenh\\italy_code\\mobile_application_project\\metro.config.js": {"path":"C:\\Users\\svenh\\italy_code\\mobile_application_project\\metro.config.js","statementMap":{"0":{"start":{"line":1,"column":29},"end":{"line":1,"column":58}},"1":{"start":{"line":3,"column":22},"end":{"line":3,"column":49}},"2":{"start":{"line":4,"column":0},"end":{"line":4,"column":45}},"3":{"start":{"line":6,"column":0},"end":{"line":6,"column":31}}},"fnMap":{},"branchMap":{},"s":{"0":0,"1":0,"2":0,"3":0},"f":{},"b":{}}
,"C:\\Users\\svenh\\italy_code\\mobile_application_project\\components\\AppNavigator.js": {"path":"C:\\Users\\svenh\\italy_code\\mobile_application_project\\components\\AppNavigator.js","statementMap":{"0":{"start":{"line":14,"column":14},"end":{"line":14,"column":42}},"1":{"start":{"line":18,"column":2},"end":{"line":29,"column":4}}},"fnMap":{"0":{"name":"AppNavigator","decl":{"start":{"line":16,"column":24},"end":{"line":16,"column":36}},"loc":{"start":{"line":16,"column":39},"end":{"line":30,"column":1}},"line":16}},"branchMap":{},"s":{"0":3,"1":4},"f":{"0":4},"b":{},"_coverageSchema":"1a1c01bbd47fc00a2c39e90264f33305004495a9","hash":"06eb673617e59d1ae46652cfe7b692aba3c7bb46"}
,"C:\\Users\\svenh\\italy_code\\mobile_application_project\\components\\CreateNewGroup.js": {"path":"C:\\Users\\svenh\\italy_code\\mobile_application_project\\components\\CreateNewGroup.js","statementMap":{"0":{"start":{"line":10,"column":23},"end":{"line":298,"column":1}},"1":{"start":{"line":11,"column":48},"end":{"line":11,"column":63}},"2":{"start":{"line":12,"column":38},"end":{"line":12,"column":50}},"3":{"start":{"line":13,"column":52},"end":{"line":13,"column":64}},"4":{"start":{"line":14,"column":30},"end":{"line":14,"column":42}},"5":{"start":{"line":15,"column":52},"end":{"line":15,"column":64}},"6":{"start":{"line":16,"column":24},"end":{"line":16,"column":47}},"7":{"start":{"line":17,"column":44},"end":{"line":17,"column":56}},"8":{"start":{"line":18,"column":18},"end":{"line":18,"column":20}},"9":{"start":{"line":19,"column":19},"end":{"line":19,"column":21}},"10":{"start":{"line":20,"column":36},"end":{"line":20,"column":47}},"11":{"start":{"line":21,"column":38},"end":{"line":21,"column":49}},"12":{"start":{"line":22,"column":32},"end":{"line":22,"column":46}},"13":{"start":{"line":25,"column":23},"end":{"line":25,"column":38}},"14":{"start":{"line":26,"column":46},"end":{"line":26,"column":61}},"15":{"start":{"line":28,"column":24},"end":{"line":36,"column":5}},"16":{"start":{"line":29,"column":8},"end":{"line":34,"column":9}},"17":{"start":{"line":30,"column":12},"end":{"line":30,"column":36}},"18":{"start":{"line":33,"column":12},"end":{"line":33,"column":35}},"19":{"start":{"line":35,"column":8},"end":{"line":35,"column":35}},"20":{"start":{"line":38,"column":4},"end":{"line":40,"column":11}},"21":{"start":{"line":39,"column":8},"end":{"line":39,"column":22}},"22":{"start":{"line":42,"column":52},"end":{"line":42,"column":64}},"23":{"start":{"line":43,"column":46},"end":{"line":43,"column":58}},"24":{"start":{"line":45,"column":29},"end":{"line":55,"column":5}},"25":{"start":{"line":46,"column":8},"end":{"line":54,"column":9}},"26":{"start":{"line":48,"column":31},"end":{"line":48,"column":72}},"27":{"start":{"line":49,"column":12},"end":{"line":51,"column":15}},"28":{"start":{"line":50,"column":16},"end":{"line":50,"column":61}},"29":{"start":{"line":53,"column":12},"end":{"line":53,"column":33}},"30":{"start":{"line":57,"column":4},"end":{"line":59,"column":11}},"31":{"start":{"line":58,"column":8},"end":{"line":58,"column":27}},"32":{"start":{"line":61,"column":4},"end":{"line":68,"column":27}},"33":{"start":{"line":62,"column":8},"end":{"line":67,"column":9}},"34":{"start":{"line":63,"column":32},"end":{"line":63,"column":67}},"35":{"start":{"line":64,"column":12},"end":{"line":66,"column":15}},"36":{"start":{"line":65,"column":16},"end":{"line":65,"column":50}},"37":{"start":{"line":74,"column":23},"end":{"line":74,"column":46}},"38":{"start":{"line":76,"column":29},"end":{"line":82,"column":5}},"39":{"start":{"line":77,"column":8},"end":{"line":77,"column":33}},"40":{"start":{"line":78,"column":8},"end":{"line":78,"column":25}},"41":{"start":{"line":79,"column":8},"end":{"line":79,"column":32}},"42":{"start":{"line":80,"column":8},"end":{"line":80,"column":32}},"43":{"start":{"line":81,"column":8},"end":{"line":81,"column":28}},"44":{"start":{"line":84,"column":30},"end":{"line":127,"column":5}},"45":{"start":{"line":87,"column":8},"end":{"line":87,"column":49}},"46":{"start":{"line":88,"column":8},"end":{"line":88,"column":67}},"47":{"start":{"line":89,"column":8},"end":{"line":89,"column":33}},"48":{"start":{"line":90,"column":8},"end":{"line":126,"column":9}},"49":{"start":{"line":91,"column":32},"end":{"line":91,"column":60}},"50":{"start":{"line":94,"column":12},"end":{"line":105,"column":15}},"51":{"start":{"line":106,"column":28},"end":{"line":106,"column":53}},"52":{"start":{"line":107,"column":25},"end":{"line":107,"column":39}},"53":{"start":{"line":112,"column":12},"end":{"line":116,"column":15}},"54":{"start":{"line":113,"column":35},"end":{"line":113,"column":59}},"55":{"start":{"line":114,"column":16},"end":{"line":114,"column":73}},"56":{"start":{"line":115,"column":16},"end":{"line":115,"column":80}},"57":{"start":{"line":119,"column":12},"end":{"line":119,"column":37}},"58":{"start":{"line":120,"column":12},"end":{"line":120,"column":31}},"59":{"start":{"line":122,"column":12},"end":{"line":122,"column":35}},"60":{"start":{"line":125,"column":12},"end":{"line":125,"column":33}},"61":{"start":{"line":129,"column":22},"end":{"line":141,"column":5}},"62":{"start":{"line":131,"column":21},"end":{"line":136,"column":10}},"63":{"start":{"line":138,"column":8},"end":{"line":140,"column":9}},"64":{"start":{"line":139,"column":12},"end":{"line":139,"column":43}},"65":{"start":{"line":144,"column":8},"end":{"line":157,"column":9}},"66":{"start":{"line":145,"column":29},"end":{"line":145,"column":54}},"67":{"start":{"line":146,"column":12},"end":{"line":153,"column":15}},"68":{"start":{"line":147,"column":16},"end":{"line":151,"column":19}},"69":{"start":{"line":148,"column":20},"end":{"line":150,"column":21}},"70":{"start":{"line":149,"column":24},"end":{"line":149,"column":38}},"71":{"start":{"line":152,"column":16},"end":{"line":152,"column":31}},"72":{"start":{"line":155,"column":12},"end":{"line":155,"column":33}},"73":{"start":{"line":156,"column":12},"end":{"line":156,"column":25}},"74":{"start":{"line":161,"column":25},"end":{"line":166,"column":5}},"75":{"start":{"line":162,"column":8},"end":{"line":165,"column":11}},"76":{"start":{"line":163,"column":12},"end":{"line":163,"column":34}},"77":{"start":{"line":164,"column":12},"end":{"line":164,"column":29}},"78":{"start":{"line":169,"column":8},"end":{"line":176,"column":10}},"79":{"start":{"line":181,"column":4},"end":{"line":296,"column":6}},"80":{"start":{"line":185,"column":27},"end":{"line":185,"column":50}},"81":{"start":{"line":189,"column":38},"end":{"line":189,"column":62}},"82":{"start":{"line":225,"column":32},"end":{"line":238,"column":33}},"83":{"start":{"line":226,"column":36},"end":{"line":226,"column":66}},"84":{"start":{"line":227,"column":36},"end":{"line":227,"column":72}},"85":{"start":{"line":228,"column":39},"end":{"line":238,"column":33}},"86":{"start":{"line":229,"column":36},"end":{"line":229,"column":71}},"87":{"start":{"line":230,"column":36},"end":{"line":230,"column":77}},"88":{"start":{"line":231,"column":39},"end":{"line":238,"column":33}},"89":{"start":{"line":232,"column":36},"end":{"line":232,"column":89}},"90":{"start":{"line":233,"column":36},"end":{"line":233,"column":60}},"91":{"start":{"line":234,"column":36},"end":{"line":234,"column":62}},"92":{"start":{"line":236,"column":36},"end":{"line":236,"column":65}},"93":{"start":{"line":237,"column":36},"end":{"line":237,"column":71}},"94":{"start":{"line":251,"column":28},"end":{"line":251,"column":96}},"95":{"start":{"line":251,"column":73},"end":{"line":251,"column":92}},"96":{"start":{"line":275,"column":43},"end":{"line":275,"column":61}},"97":{"start":{"line":282,"column":32},"end":{"line":288,"column":33}},"98":{"start":{"line":285,"column":36},"end":{"line":285,"column":56}},"99":{"start":{"line":287,"column":36},"end":{"line":287,"column":74}},"100":{"start":{"line":300,"column":15},"end":{"line":455,"column":2}}},"fnMap":{"0":{"name":"(anonymous_0)","decl":{"start":{"line":10,"column":23},"end":{"line":10,"column":24}},"loc":{"start":{"line":10,"column":29},"end":{"line":298,"column":1}},"line":10},"1":{"name":"(anonymous_1)","decl":{"start":{"line":28,"column":24},"end":{"line":28,"column":25}},"loc":{"start":{"line":28,"column":36},"end":{"line":36,"column":5}},"line":28},"2":{"name":"(anonymous_2)","decl":{"start":{"line":38,"column":14},"end":{"line":38,"column":15}},"loc":{"start":{"line":38,"column":20},"end":{"line":40,"column":5}},"line":38},"3":{"name":"(anonymous_3)","decl":{"start":{"line":45,"column":29},"end":{"line":45,"column":30}},"loc":{"start":{"line":45,"column":35},"end":{"line":55,"column":5}},"line":45},"4":{"name":"(anonymous_4)","decl":{"start":{"line":49,"column":35},"end":{"line":49,"column":36}},"loc":{"start":{"line":49,"column":47},"end":{"line":51,"column":13}},"line":49},"5":{"name":"(anonymous_5)","decl":{"start":{"line":57,"column":14},"end":{"line":57,"column":15}},"loc":{"start":{"line":57,"column":20},"end":{"line":59,"column":5}},"line":57},"6":{"name":"(anonymous_6)","decl":{"start":{"line":61,"column":14},"end":{"line":61,"column":15}},"loc":{"start":{"line":61,"column":20},"end":{"line":68,"column":5}},"line":61},"7":{"name":"(anonymous_7)","decl":{"start":{"line":64,"column":36},"end":{"line":64,"column":37}},"loc":{"start":{"line":64,"column":48},"end":{"line":66,"column":13}},"line":64},"8":{"name":"(anonymous_8)","decl":{"start":{"line":76,"column":29},"end":{"line":76,"column":30}},"loc":{"start":{"line":76,"column":35},"end":{"line":82,"column":5}},"line":76},"9":{"name":"(anonymous_9)","decl":{"start":{"line":84,"column":30},"end":{"line":84,"column":31}},"loc":{"start":{"line":84,"column":42},"end":{"line":127,"column":5}},"line":84},"10":{"name":"(anonymous_10)","decl":{"start":{"line":112,"column":33},"end":{"line":112,"column":34}},"loc":{"start":{"line":112,"column":51},"end":{"line":116,"column":13}},"line":112},"11":{"name":"(anonymous_11)","decl":{"start":{"line":129,"column":22},"end":{"line":129,"column":23}},"loc":{"start":{"line":129,"column":34},"end":{"line":141,"column":5}},"line":129},"12":{"name":"userAlreadyExists","decl":{"start":{"line":143,"column":19},"end":{"line":143,"column":36}},"loc":{"start":{"line":143,"column":44},"end":{"line":158,"column":5}},"line":143},"13":{"name":"(anonymous_13)","decl":{"start":{"line":146,"column":31},"end":{"line":146,"column":32}},"loc":{"start":{"line":146,"column":52},"end":{"line":153,"column":13}},"line":146},"14":{"name":"(anonymous_14)","decl":{"start":{"line":147,"column":33},"end":{"line":147,"column":34}},"loc":{"start":{"line":147,"column":40},"end":{"line":151,"column":17}},"line":147},"15":{"name":"(anonymous_15)","decl":{"start":{"line":161,"column":25},"end":{"line":161,"column":26}},"loc":{"start":{"line":161,"column":36},"end":{"line":166,"column":5}},"line":161},"16":{"name":"(anonymous_16)","decl":{"start":{"line":162,"column":24},"end":{"line":162,"column":25}},"loc":{"start":{"line":162,"column":34},"end":{"line":165,"column":9}},"line":162},"17":{"name":"GroupMember","decl":{"start":{"line":168,"column":13},"end":{"line":168,"column":24}},"loc":{"start":{"line":168,"column":47},"end":{"line":177,"column":5}},"line":168},"18":{"name":"(anonymous_18)","decl":{"start":{"line":185,"column":21},"end":{"line":185,"column":22}},"loc":{"start":{"line":185,"column":27},"end":{"line":185,"column":50}},"line":185},"19":{"name":"(anonymous_19)","decl":{"start":{"line":189,"column":32},"end":{"line":189,"column":33}},"loc":{"start":{"line":189,"column":38},"end":{"line":189,"column":62}},"line":189},"20":{"name":"(anonymous_20)","decl":{"start":{"line":224,"column":37},"end":{"line":224,"column":38}},"loc":{"start":{"line":224,"column":49},"end":{"line":239,"column":29}},"line":224},"21":{"name":"(anonymous_21)","decl":{"start":{"line":250,"column":42},"end":{"line":250,"column":43}},"loc":{"start":{"line":251,"column":28},"end":{"line":251,"column":96}},"line":251},"22":{"name":"(anonymous_22)","decl":{"start":{"line":251,"column":67},"end":{"line":251,"column":68}},"loc":{"start":{"line":251,"column":73},"end":{"line":251,"column":92}},"line":251},"23":{"name":"(anonymous_23)","decl":{"start":{"line":275,"column":37},"end":{"line":275,"column":38}},"loc":{"start":{"line":275,"column":43},"end":{"line":275,"column":61}},"line":275},"24":{"name":"(anonymous_24)","decl":{"start":{"line":281,"column":37},"end":{"line":281,"column":38}},"loc":{"start":{"line":281,"column":49},"end":{"line":289,"column":29}},"line":281}},"branchMap":{"0":{"loc":{"start":{"line":29,"column":8},"end":{"line":34,"column":9}},"type":"if","locations":[{"start":{"line":29,"column":8},"end":{"line":34,"column":9}},{"start":{"line":32,"column":13},"end":{"line":34,"column":9}}],"line":29},"1":{"loc":{"start":{"line":62,"column":8},"end":{"line":67,"column":9}},"type":"if","locations":[{"start":{"line":62,"column":8},"end":{"line":67,"column":9}},{"start":{},"end":{}}],"line":62},"2":{"loc":{"start":{"line":138,"column":8},"end":{"line":140,"column":9}},"type":"if","locations":[{"start":{"line":138,"column":8},"end":{"line":140,"column":9}},{"start":{},"end":{}}],"line":138},"3":{"loc":{"start":{"line":148,"column":20},"end":{"line":150,"column":21}},"type":"if","locations":[{"start":{"line":148,"column":20},"end":{"line":150,"column":21}},{"start":{},"end":{}}],"line":148},"4":{"loc":{"start":{"line":212,"column":25},"end":{"line":214,"column":56}},"type":"binary-expr","locations":[{"start":{"line":212,"column":25},"end":{"line":212,"column":30}},{"start":{"line":212,"column":34},"end":{"line":214,"column":56}}],"line":212},"5":{"loc":{"start":{"line":213,"column":36},"end":{"line":213,"column":113}},"type":"cond-expr","locations":[{"start":{"line":213,"column":44},"end":{"line":213,"column":58}},{"start":{"line":213,"column":61},"end":{"line":213,"column":113}}],"line":213},"6":{"loc":{"start":{"line":225,"column":32},"end":{"line":238,"column":33}},"type":"if","locations":[{"start":{"line":225,"column":32},"end":{"line":238,"column":33}},{"start":{"line":228,"column":39},"end":{"line":238,"column":33}}],"line":225},"7":{"loc":{"start":{"line":228,"column":39},"end":{"line":238,"column":33}},"type":"if","locations":[{"start":{"line":228,"column":39},"end":{"line":238,"column":33}},{"start":{"line":231,"column":39},"end":{"line":238,"column":33}}],"line":228},"8":{"loc":{"start":{"line":231,"column":39},"end":{"line":238,"column":33}},"type":"if","locations":[{"start":{"line":231,"column":39},"end":{"line":238,"column":33}},{"start":{"line":235,"column":39},"end":{"line":238,"column":33}}],"line":231},"9":{"loc":{"start":{"line":231,"column":43},"end":{"line":231,"column":118}},"type":"binary-expr","locations":[{"start":{"line":231,"column":43},"end":{"line":231,"column":73}},{"start":{"line":231,"column":77},"end":{"line":231,"column":118}}],"line":231},"10":{"loc":{"start":{"line":282,"column":32},"end":{"line":288,"column":33}},"type":"if","locations":[{"start":{"line":282,"column":32},"end":{"line":288,"column":33}},{"start":{"line":286,"column":39},"end":{"line":288,"column":33}}],"line":282},"11":{"loc":{"start":{"line":282,"column":36},"end":{"line":284,"column":58}},"type":"binary-expr","locations":[{"start":{"line":282,"column":36},"end":{"line":282,"column":52}},{"start":{"line":283,"column":39},"end":{"line":283,"column":62}},{"start":{"line":284,"column":39},"end":{"line":284,"column":58}}],"line":282}},"s":{"0":3,"1":0,"2":0,"3":0,"4":0,"5":0,"6":0,"7":0,"8":0,"9":0,"10":0,"11":0,"12":0,"13":0,"14":0,"15":0,"16":0,"17":0,"18":0,"19":0,"20":0,"21":0,"22":0,"23":0,"24":0,"25":0,"26":0,"27":0,"28":0,"29":0,"30":0,"31":0,"32":0,"33":0,"34":0,"35":0,"36":0,"37":0,"38":0,"39":0,"40":0,"41":0,"42":0,"43":0,"44":0,"45":0,"46":0,"47":0,"48":0,"49":0,"50":0,"51":0,"52":0,"53":0,"54":0,"55":0,"56":0,"57":0,"58":0,"59":0,"60":0,"61":0,"62":0,"63":0,"64":0,"65":0,"66":0,"67":0,"68":0,"69":0,"70":0,"71":0,"72":0,"73":0,"74":0,"75":0,"76":0,"77":0,"78":0,"79":0,"80":0,"81":0,"82":0,"83":0,"84":0,"85":0,"86":0,"87":0,"88":0,"89":0,"90":0,"91":0,"92":0,"93":0,"94":0,"95":0,"96":0,"97":0,"98":0,"99":0,"100":3},"f":{"0":0,"1":0,"2":0,"3":0,"4":0,"5":0,"6":0,"7":0,"8":0,"9":0,"10":0,"11":0,"12":0,"13":0,"14":0,"15":0,"16":0,"17":0,"18":0,"19":0,"20":0,"21":0,"22":0,"23":0,"24":0},"b":{"0":[0,0],"1":[0,0],"2":[0,0],"3":[0,0],"4":[0,0],"5":[0,0],"6":[0,0],"7":[0,0],"8":[0,0],"9":[0,0],"10":[0,0],"11":[0,0,0]},"_coverageSchema":"1a1c01bbd47fc00a2c39e90264f33305004495a9","hash":"4f2068ab1424d4b7380ab7dc43783719d0594a8e"}
,"C:\\Users\\svenh\\italy_code\\mobile_application_project\\components\\FetchCurrentUserGroupData.js": {"path":"C:\\Users\\svenh\\italy_code\\mobile_application_project\\components\\FetchCurrentUserGroupData.js","statementMap":{"0":{"start":{"line":5,"column":34},"end":{"line":34,"column":1}},"1":{"start":{"line":6,"column":52},"end":{"line":6,"column":64}},"2":{"start":{"line":7,"column":46},"end":{"line":7,"column":58}},"3":{"start":{"line":9,"column":29},"end":{"line":19,"column":5}},"4":{"start":{"line":10,"column":8},"end":{"line":18,"column":9}},"5":{"start":{"line":12,"column":31},"end":{"line":12,"column":72}},"6":{"start":{"line":13,"column":12},"end":{"line":15,"column":15}},"7":{"start":{"line":14,"column":16},"end":{"line":14,"column":61}},"8":{"start":{"line":17,"column":12},"end":{"line":17,"column":33}},"9":{"start":{"line":21,"column":4},"end":{"line":23,"column":11}},"10":{"start":{"line":22,"column":8},"end":{"line":22,"column":27}},"11":{"start":{"line":25,"column":4},"end":{"line":32,"column":24}},"12":{"start":{"line":26,"column":8},"end":{"line":31,"column":9}},"13":{"start":{"line":27,"column":32},"end":{"line":27,"column":67}},"14":{"start":{"line":28,"column":12},"end":{"line":30,"column":15}},"15":{"start":{"line":29,"column":16},"end":{"line":29,"column":50}}},"fnMap":{"0":{"name":"(anonymous_0)","decl":{"start":{"line":5,"column":34},"end":{"line":5,"column":35}},"loc":{"start":{"line":5,"column":40},"end":{"line":34,"column":1}},"line":5},"1":{"name":"(anonymous_1)","decl":{"start":{"line":9,"column":29},"end":{"line":9,"column":30}},"loc":{"start":{"line":9,"column":35},"end":{"line":19,"column":5}},"line":9},"2":{"name":"(anonymous_2)","decl":{"start":{"line":13,"column":35},"end":{"line":13,"column":36}},"loc":{"start":{"line":13,"column":47},"end":{"line":15,"column":13}},"line":13},"3":{"name":"(anonymous_3)","decl":{"start":{"line":21,"column":14},"end":{"line":21,"column":15}},"loc":{"start":{"line":21,"column":20},"end":{"line":23,"column":5}},"line":21},"4":{"name":"(anonymous_4)","decl":{"start":{"line":25,"column":14},"end":{"line":25,"column":15}},"loc":{"start":{"line":25,"column":20},"end":{"line":32,"column":5}},"line":25},"5":{"name":"(anonymous_5)","decl":{"start":{"line":28,"column":36},"end":{"line":28,"column":37}},"loc":{"start":{"line":28,"column":48},"end":{"line":30,"column":13}},"line":28}},"branchMap":{"0":{"loc":{"start":{"line":26,"column":8},"end":{"line":31,"column":9}},"type":"if","locations":[{"start":{"line":26,"column":8},"end":{"line":31,"column":9}},{"start":{},"end":{}}],"line":26}},"s":{"0":0,"1":0,"2":0,"3":0,"4":0,"5":0,"6":0,"7":0,"8":0,"9":0,"10":0,"11":0,"12":0,"13":0,"14":0,"15":0},"f":{"0":0,"1":0,"2":0,"3":0,"4":0,"5":0},"b":{"0":[0,0]}}
,"C:\\Users\\svenh\\italy_code\\mobile_application_project\\components\\FetchGroupData.js": {"path":"C:\\Users\\svenh\\italy_code\\mobile_application_project\\components\\FetchGroupData.js","statementMap":{"0":{"start":{"line":5,"column":23},"end":{"line":29,"column":1}},"1":{"start":{"line":6,"column":38},"end":{"line":6,"column":50}},"2":{"start":{"line":9,"column":25},"end":{"line":23,"column":5}},"3":{"start":{"line":10,"column":8},"end":{"line":22,"column":9}},"4":{"start":{"line":11,"column":32},"end":{"line":11,"column":56}},"5":{"start":{"line":12,"column":12},"end":{"line":18,"column":15}},"6":{"start":{"line":13,"column":30},"end":{"line":13,"column":32}},"7":{"start":{"line":14,"column":16},"end":{"line":16,"column":19}},"8":{"start":{"line":15,"column":20},"end":{"line":15,"column":45}},"9":{"start":{"line":17,"column":16},"end":{"line":17,"column":38}},"10":{"start":{"line":21,"column":12},"end":{"line":21,"column":33}},"11":{"start":{"line":25,"column":4},"end":{"line":27,"column":11}},"12":{"start":{"line":26,"column":8},"end":{"line":26,"column":23}},"13":{"start":{"line":28,"column":4},"end":{"line":28,"column":23}}},"fnMap":{"0":{"name":"(anonymous_0)","decl":{"start":{"line":5,"column":23},"end":{"line":5,"column":24}},"loc":{"start":{"line":5,"column":29},"end":{"line":29,"column":1}},"line":5},"1":{"name":"(anonymous_1)","decl":{"start":{"line":9,"column":25},"end":{"line":9,"column":26}},"loc":{"start":{"line":9,"column":31},"end":{"line":23,"column":5}},"line":9},"2":{"name":"(anonymous_2)","decl":{"start":{"line":12,"column":36},"end":{"line":12,"column":37}},"loc":{"start":{"line":12,"column":48},"end":{"line":18,"column":13}},"line":12},"3":{"name":"(anonymous_3)","decl":{"start":{"line":14,"column":33},"end":{"line":14,"column":34}},"loc":{"start":{"line":14,"column":40},"end":{"line":16,"column":17}},"line":14},"4":{"name":"(anonymous_4)","decl":{"start":{"line":25,"column":14},"end":{"line":25,"column":15}},"loc":{"start":{"line":25,"column":20},"end":{"line":27,"column":5}},"line":25}},"branchMap":{},"s":{"0":3,"1":0,"2":0,"3":0,"4":0,"5":0,"6":0,"7":0,"8":0,"9":0,"10":0,"11":0,"12":0,"13":0},"f":{"0":0,"1":0,"2":0,"3":0,"4":0},"b":{},"_coverageSchema":"1a1c01bbd47fc00a2c39e90264f33305004495a9","hash":"a84618c31cf3c7589556195fdc1ee3e112ca8cb0"}
,"C:\\Users\\svenh\\italy_code\\mobile_application_project\\components\\FetchUserData.js": {"path":"C:\\Users\\svenh\\italy_code\\mobile_application_project\\components\\FetchUserData.js","statementMap":{"0":{"start":{"line":5,"column":22},"end":{"line":27,"column":1}},"1":{"start":{"line":6,"column":34},"end":{"line":6,"column":46}},"2":{"start":{"line":8,"column":22},"end":{"line":20,"column":3}},"3":{"start":{"line":9,"column":4},"end":{"line":19,"column":5}},"4":{"start":{"line":11,"column":25},"end":{"line":11,"column":66}},"5":{"start":{"line":12,"column":6},"end":{"line":14,"column":9}},"6":{"start":{"line":13,"column":8},"end":{"line":13,"column":37}},"7":{"start":{"line":18,"column":6},"end":{"line":18,"column":27}},"8":{"start":{"line":22,"column":2},"end":{"line":24,"column":9}},"9":{"start":{"line":23,"column":4},"end":{"line":23,"column":18}},"10":{"start":{"line":26,"column":2},"end":{"line":26,"column":20}}},"fnMap":{"0":{"name":"(anonymous_0)","decl":{"start":{"line":5,"column":22},"end":{"line":5,"column":23}},"loc":{"start":{"line":5,"column":28},"end":{"line":27,"column":1}},"line":5},"1":{"name":"(anonymous_1)","decl":{"start":{"line":8,"column":22},"end":{"line":8,"column":23}},"loc":{"start":{"line":8,"column":34},"end":{"line":20,"column":3}},"line":8},"2":{"name":"(anonymous_2)","decl":{"start":{"line":12,"column":29},"end":{"line":12,"column":30}},"loc":{"start":{"line":12,"column":41},"end":{"line":14,"column":7}},"line":12},"3":{"name":"(anonymous_3)","decl":{"start":{"line":22,"column":12},"end":{"line":22,"column":13}},"loc":{"start":{"line":22,"column":18},"end":{"line":24,"column":3}},"line":22}},"branchMap":{},"s":{"0":3,"1":0,"2":0,"3":0,"4":0,"5":0,"6":0,"7":0,"8":0,"9":0,"10":0},"f":{"0":0,"1":0,"2":0,"3":0},"b":{},"_coverageSchema":"1a1c01bbd47fc00a2c39e90264f33305004495a9","hash":"c63129a9e26e45249991b715a32635b6003bbb22"}
,"C:\\Users\\svenh\\italy_code\\mobile_application_project\\components\\GroupCard.js": {"path":"C:\\Users\\svenh\\italy_code\\mobile_application_project\\components\\GroupCard.js","statementMap":{"0":{"start":{"line":4,"column":18},"end":{"line":19,"column":1}},"1":{"start":{"line":5,"column":4},"end":{"line":18,"column":23}},"2":{"start":{"line":7,"column":12},"end":{"line":7,"column":60}},"3":{"start":{"line":8,"column":12},"end":{"line":8,"column":44}},"4":{"start":{"line":21,"column":15},"end":{"line":38,"column":2}}},"fnMap":{"0":{"name":"(anonymous_0)","decl":{"start":{"line":4,"column":18},"end":{"line":4,"column":19}},"loc":{"start":{"line":5,"column":4},"end":{"line":18,"column":23}},"line":5},"1":{"name":"(anonymous_1)","decl":{"start":{"line":6,"column":17},"end":{"line":6,"column":18}},"loc":{"start":{"line":6,"column":23},"end":{"line":9,"column":9}},"line":6}},"branchMap":{},"s":{"0":3,"1":0,"2":0,"3":0,"4":3},"f":{"0":0,"1":0},"b":{},"_coverageSchema":"1a1c01bbd47fc00a2c39e90264f33305004495a9","hash":"1a2649bf2d4d5713e5af1d18ca175c6ddca20b71"}
,"C:\\Users\\svenh\\italy_code\\mobile_application_project\\components\\GroupCardEmail.js": {"path":"C:\\Users\\svenh\\italy_code\\mobile_application_project\\components\\GroupCardEmail.js","statementMap":{"0":{"start":{"line":4,"column":23},"end":{"line":18,"column":1}},"1":{"start":{"line":5,"column":4},"end":{"line":17,"column":23}},"2":{"start":{"line":7,"column":12},"end":{"line":7,"column":40}},"3":{"start":{"line":20,"column":15},"end":{"line":37,"column":2}}},"fnMap":{"0":{"name":"(anonymous_0)","decl":{"start":{"line":4,"column":23},"end":{"line":4,"column":24}},"loc":{"start":{"line":5,"column":4},"end":{"line":17,"column":23}},"line":5},"1":{"name":"(anonymous_1)","decl":{"start":{"line":6,"column":17},"end":{"line":6,"column":18}},"loc":{"start":{"line":6,"column":23},"end":{"line":8,"column":9}},"line":6}},"branchMap":{},"s":{"0":3,"1":0,"2":0,"3":3},"f":{"0":0,"1":0},"b":{},"_coverageSchema":"1a1c01bbd47fc00a2c39e90264f33305004495a9","hash":"b89ca93b6fbc11baf9555c7871f1d78c310d9d76"}
,"C:\\Users\\svenh\\italy_code\\mobile_application_project\\components\\MapComponent.js": {"path":"C:\\Users\\svenh\\italy_code\\mobile_application_project\\components\\MapComponent.js","statementMap":{"0":{"start":{"line":8,"column":36},"end":{"line":13,"column":4}},"1":{"start":{"line":14,"column":36},"end":{"line":19,"column":4}},"2":{"start":{"line":20,"column":42},"end":{"line":25,"column":4}},"3":{"start":{"line":27,"column":23},"end":{"line":46,"column":3}},"4":{"start":{"line":28,"column":21},"end":{"line":28,"column":71}},"5":{"start":{"line":29,"column":4},"end":{"line":31,"column":5}},"6":{"start":{"line":30,"column":6},"end":{"line":30,"column":61}},"7":{"start":{"line":32,"column":19},"end":{"line":32,"column":87}},"8":{"start":{"line":33,"column":4},"end":{"line":38,"column":7}},"9":{"start":{"line":39,"column":4},"end":{"line":44,"column":7}},"10":{"start":{"line":45,"column":4},"end":{"line":45,"column":69}},"11":{"start":{"line":48,"column":2},"end":{"line":50,"column":9}},"12":{"start":{"line":49,"column":4},"end":{"line":49,"column":19}},"13":{"start":{"line":52,"column":2},"end":{"line":129,"column":4}},"14":{"start":{"line":63,"column":10},"end":{"line":68,"column":12}},"15":{"start":{"line":69,"column":10},"end":{"line":69,"column":58}},"16":{"start":{"line":70,"column":10},"end":{"line":70,"column":59}},"17":{"start":{"line":71,"column":10},"end":{"line":76,"column":12}},"18":{"start":{"line":77,"column":10},"end":{"line":77,"column":37}},"19":{"start":{"line":109,"column":36},"end":{"line":109,"column":88}},"20":{"start":{"line":111,"column":16},"end":{"line":114,"column":18}},"21":{"start":{"line":115,"column":16},"end":{"line":115,"column":68}},"22":{"start":{"line":116,"column":16},"end":{"line":116,"column":70}},"23":{"start":{"line":132,"column":15},"end":{"line":160,"column":2}}},"fnMap":{"0":{"name":"MapComponent","decl":{"start":{"line":7,"column":24},"end":{"line":7,"column":36}},"loc":{"start":{"line":7,"column":105},"end":{"line":130,"column":1}},"line":7},"1":{"name":"(anonymous_1)","decl":{"start":{"line":27,"column":23},"end":{"line":27,"column":24}},"loc":{"start":{"line":27,"column":35},"end":{"line":46,"column":3}},"line":27},"2":{"name":"(anonymous_2)","decl":{"start":{"line":48,"column":12},"end":{"line":48,"column":13}},"loc":{"start":{"line":48,"column":18},"end":{"line":50,"column":3}},"line":48},"3":{"name":"(anonymous_3)","decl":{"start":{"line":61,"column":17},"end":{"line":61,"column":18}},"loc":{"start":{"line":61,"column":43},"end":{"line":78,"column":9}},"line":61},"4":{"name":"(anonymous_4)","decl":{"start":{"line":109,"column":27},"end":{"line":109,"column":28}},"loc":{"start":{"line":109,"column":34},"end":{"line":109,"column":90}},"line":109},"5":{"name":"(anonymous_5)","decl":{"start":{"line":110,"column":25},"end":{"line":110,"column":26}},"loc":{"start":{"line":110,"column":32},"end":{"line":117,"column":15}},"line":110}},"branchMap":{"0":{"loc":{"start":{"line":29,"column":4},"end":{"line":31,"column":5}},"type":"if","locations":[{"start":{"line":29,"column":4},"end":{"line":31,"column":5}},{"start":{},"end":{}}],"line":29},"1":{"loc":{"start":{"line":61,"column":24},"end":{"line":61,"column":38}},"type":"default-arg","locations":[{"start":{"line":61,"column":34},"end":{"line":61,"column":38}}],"line":61},"2":{"loc":{"start":{"line":99,"column":9},"end":{"line":104,"column":20}},"type":"binary-expr","locations":[{"start":{"line":99,"column":9},"end":{"line":99,"column":44}},{"start":{"line":100,"column":10},"end":{"line":104,"column":19}}],"line":99},"3":{"loc":{"start":{"line":106,"column":9},"end":{"line":126,"column":9}},"type":"binary-expr","locations":[{"start":{"line":106,"column":9},"end":{"line":106,"column":41}},{"start":{"line":107,"column":10},"end":{"line":125,"column":13}}],"line":106}},"s":{"0":0,"1":0,"2":0,"3":0,"4":0,"5":0,"6":0,"7":0,"8":0,"9":0,"10":0,"11":0,"12":0,"13":0,"14":0,"15":0,"16":0,"17":0,"18":0,"19":0,"20":0,"21":0,"22":0,"23":3},"f":{"0":0,"1":0,"2":0,"3":0,"4":0,"5":0},"b":{"0":[0,0],"1":[0],"2":[0,0],"3":[0,0]},"_coverageSchema":"1a1c01bbd47fc00a2c39e90264f33305004495a9","hash":"5f83d6a58a7c319991d1af2663588a270a5cf03f"}
,"C:\\Users\\svenh\\italy_code\\mobile_application_project\\components\\MatchedGroupCards.js": {"path":"C:\\Users\\svenh\\italy_code\\mobile_application_project\\components\\MatchedGroupCards.js","statementMap":{"0":{"start":{"line":5,"column":26},"end":{"line":15,"column":1}},"1":{"start":{"line":6,"column":4},"end":{"line":14,"column":11}},"2":{"start":{"line":8,"column":12},"end":{"line":12,"column":14}}},"fnMap":{"0":{"name":"(anonymous_0)","decl":{"start":{"line":5,"column":26},"end":{"line":5,"column":27}},"loc":{"start":{"line":6,"column":4},"end":{"line":14,"column":11}},"line":6},"1":{"name":"(anonymous_1)","decl":{"start":{"line":7,"column":23},"end":{"line":7,"column":24}},"loc":{"start":{"line":8,"column":12},"end":{"line":12,"column":14}},"line":8}},"branchMap":{},"s":{"0":3,"1":0,"2":0},"f":{"0":0,"1":0},"b":{},"_coverageSchema":"1a1c01bbd47fc00a2c39e90264f33305004495a9","hash":"433e3c289c7779f3328675a922ac8ad9d3bf9168"}
,"C:\\Users\\svenh\\italy_code\\mobile_application_project\\components\\Navigation.js": {"path":"C:\\Users\\svenh\\italy_code\\mobile_application_project\\components\\Navigation.js","statementMap":{"0":{"start":{"line":12,"column":22},"end":{"line":12,"column":32}},"1":{"start":{"line":13,"column":20},"end":{"line":13,"column":29}},"2":{"start":{"line":14,"column":17},"end":{"line":14,"column":23}},"3":{"start":{"line":16,"column":12},"end":{"line":16,"column":38}},"4":{"start":{"line":18,"column":19},"end":{"line":54,"column":1}},"5":{"start":{"line":19,"column":4},"end":{"line":53,"column":6}},"6":{"start":{"line":23,"column":43},"end":{"line":45,"column":13}},"7":{"start":{"line":32,"column":29},"end":{"line":32,"column":39}},"8":{"start":{"line":34,"column":20},"end":{"line":40,"column":21}},"9":{"start":{"line":35,"column":24},"end":{"line":35,"column":73}},"10":{"start":{"line":36,"column":27},"end":{"line":40,"column":21}},"11":{"start":{"line":37,"column":24},"end":{"line":37,"column":70}},"12":{"start":{"line":38,"column":27},"end":{"line":40,"column":21}},"13":{"start":{"line":39,"column":24},"end":{"line":39,"column":72}},"14":{"start":{"line":42,"column":20},"end":{"line":42,"column":82}}},"fnMap":{"0":{"name":"(anonymous_0)","decl":{"start":{"line":18,"column":19},"end":{"line":18,"column":20}},"loc":{"start":{"line":18,"column":39},"end":{"line":54,"column":1}},"line":18},"1":{"name":"(anonymous_1)","decl":{"start":{"line":23,"column":27},"end":{"line":23,"column":28}},"loc":{"start":{"line":23,"column":43},"end":{"line":45,"column":13}},"line":23},"2":{"name":"(anonymous_2)","decl":{"start":{"line":30,"column":28},"end":{"line":30,"column":29}},"loc":{"start":{"line":30,"column":58},"end":{"line":44,"column":17}},"line":30}},"branchMap":{"0":{"loc":{"start":{"line":34,"column":20},"end":{"line":40,"column":21}},"type":"if","locations":[{"start":{"line":34,"column":20},"end":{"line":40,"column":21}},{"start":{"line":36,"column":27},"end":{"line":40,"column":21}}],"line":34},"1":{"loc":{"start":{"line":35,"column":35},"end":{"line":35,"column":72}},"type":"cond-expr","locations":[{"start":{"line":35,"column":45},"end":{"line":35,"column":53}},{"start":{"line":35,"column":56},"end":{"line":35,"column":72}}],"line":35},"2":{"loc":{"start":{"line":36,"column":27},"end":{"line":40,"column":21}},"type":"if","locations":[{"start":{"line":36,"column":27},"end":{"line":40,"column":21}},{"start":{"line":38,"column":27},"end":{"line":40,"column":21}}],"line":36},"3":{"loc":{"start":{"line":37,"column":35},"end":{"line":37,"column":70}},"type":"cond-expr","locations":[{"start":{"line":37,"column":45},"end":{"line":37,"column":52}},{"start":{"line":37,"column":55},"end":{"line":37,"column":70}}],"line":37},"4":{"loc":{"start":{"line":38,"column":27},"end":{"line":40,"column":21}},"type":"if","locations":[{"start":{"line":38,"column":27},"end":{"line":40,"column":21}},{"start":{},"end":{}}],"line":38},"5":{"loc":{"start":{"line":39,"column":35},"end":{"line":39,"column":72}},"type":"cond-expr","locations":[{"start":{"line":39,"column":45},"end":{"line":39,"column":53}},{"start":{"line":39,"column":56},"end":{"line":39,"column":72}}],"line":39}},"s":{"0":3,"1":3,"2":3,"3":3,"4":3,"5":0,"6":0,"7":0,"8":0,"9":0,"10":0,"11":0,"12":0,"13":0,"14":0},"f":{"0":0,"1":0,"2":0},"b":{"0":[0,0],"1":[0,0],"2":[0,0],"3":[0,0],"4":[0,0],"5":[0,0]},"_coverageSchema":"1a1c01bbd47fc00a2c39e90264f33305004495a9","hash":"253e0dc7a9438dbef0b1be65966cd0c049bb74e2"}
,"C:\\Users\\svenh\\italy_code\\mobile_application_project\\components\\PopUp.js": {"path":"C:\\Users\\svenh\\italy_code\\mobile_application_project\\components\\PopUp.js","statementMap":{"0":{"start":{"line":4,"column":14},"end":{"line":8,"column":1}},"1":{"start":{"line":5,"column":4},"end":{"line":7,"column":12}}},"fnMap":{"0":{"name":"(anonymous_0)","decl":{"start":{"line":4,"column":14},"end":{"line":4,"column":15}},"loc":{"start":{"line":5,"column":4},"end":{"line":7,"column":12}},"line":5}},"branchMap":{},"s":{"0":0,"1":0},"f":{"0":0},"b":{}}
,"C:\\Users\\svenh\\italy_code\\mobile_application_project\\screens\\Login.js": {"path":"C:\\Users\\svenh\\italy_code\\mobile_application_project\\screens\\Login.js","statementMap":{"0":{"start":{"line":10,"column":4},"end":{"line":18,"column":5}},"1":{"start":{"line":11,"column":8},"end":{"line":11,"column":36}},"2":{"start":{"line":13,"column":8},"end":{"line":17,"column":11}},"3":{"start":{"line":14,"column":12},"end":{"line":16,"column":13}},"4":{"start":{"line":15,"column":16},"end":{"line":15,"column":44}},"5":{"start":{"line":20,"column":44},"end":{"line":20,"column":62}},"6":{"start":{"line":21,"column":30},"end":{"line":21,"column":48}},"7":{"start":{"line":22,"column":36},"end":{"line":22,"column":54}},"8":{"start":{"line":25,"column":22},"end":{"line":42,"column":5}},"9":{"start":{"line":26,"column":8},"end":{"line":41,"column":9}},"10":{"start":{"line":27,"column":12},"end":{"line":36,"column":19}},"11":{"start":{"line":29,"column":20},"end":{"line":29,"column":79}},"12":{"start":{"line":30,"column":20},"end":{"line":30,"column":40}},"13":{"start":{"line":31,"column":20},"end":{"line":31,"column":33}},"14":{"start":{"line":32,"column":20},"end":{"line":32,"column":36}},"15":{"start":{"line":35,"column":20},"end":{"line":35,"column":50}},"16":{"start":{"line":38,"column":12},"end":{"line":38,"column":66}},"17":{"start":{"line":39,"column":12},"end":{"line":39,"column":62}},"18":{"start":{"line":45,"column":24},"end":{"line":53,"column":5}},"19":{"start":{"line":46,"column":8},"end":{"line":52,"column":11}},"20":{"start":{"line":48,"column":12},"end":{"line":48,"column":34}},"21":{"start":{"line":51,"column":12},"end":{"line":51,"column":30}},"22":{"start":{"line":55,"column":4},"end":{"line":90,"column":5}},"23":{"start":{"line":67,"column":38},"end":{"line":67,"column":52}},"24":{"start":{"line":72,"column":38},"end":{"line":72,"column":55}},"25":{"start":{"line":82,"column":20},"end":{"line":82,"column":50}},"26":{"start":{"line":93,"column":15},"end":{"line":130,"column":2}}},"fnMap":{"0":{"name":"Login","decl":{"start":{"line":7,"column":24},"end":{"line":7,"column":29}},"loc":{"start":{"line":7,"column":46},"end":{"line":91,"column":1}},"line":7},"1":{"name":"(anonymous_1)","decl":{"start":{"line":13,"column":33},"end":{"line":13,"column":34}},"loc":{"start":{"line":13,"column":43},"end":{"line":17,"column":9}},"line":13},"2":{"name":"(anonymous_2)","decl":{"start":{"line":25,"column":22},"end":{"line":25,"column":23}},"loc":{"start":{"line":25,"column":28},"end":{"line":42,"column":5}},"line":25},"3":{"name":"(anonymous_3)","decl":{"start":{"line":28,"column":22},"end":{"line":28,"column":23}},"loc":{"start":{"line":28,"column":42},"end":{"line":33,"column":17}},"line":28},"4":{"name":"(anonymous_4)","decl":{"start":{"line":34,"column":23},"end":{"line":34,"column":24}},"loc":{"start":{"line":34,"column":34},"end":{"line":36,"column":17}},"line":34},"5":{"name":"(anonymous_5)","decl":{"start":{"line":45,"column":24},"end":{"line":45,"column":25}},"loc":{"start":{"line":45,"column":30},"end":{"line":53,"column":5}},"line":45},"6":{"name":"(anonymous_6)","decl":{"start":{"line":46,"column":27},"end":{"line":46,"column":28}},"loc":{"start":{"line":46,"column":33},"end":{"line":49,"column":9}},"line":46},"7":{"name":"(anonymous_7)","decl":{"start":{"line":49,"column":17},"end":{"line":49,"column":18}},"loc":{"start":{"line":49,"column":28},"end":{"line":52,"column":9}},"line":49},"8":{"name":"(anonymous_8)","decl":{"start":{"line":67,"column":30},"end":{"line":67,"column":31}},"loc":{"start":{"line":67,"column":38},"end":{"line":67,"column":52}},"line":67},"9":{"name":"(anonymous_9)","decl":{"start":{"line":72,"column":30},"end":{"line":72,"column":31}},"loc":{"start":{"line":72,"column":38},"end":{"line":72,"column":55}},"line":72},"10":{"name":"(anonymous_10)","decl":{"start":{"line":81,"column":25},"end":{"line":81,"column":26}},"loc":{"start":{"line":82,"column":20},"end":{"line":82,"column":50}},"line":82}},"branchMap":{"0":{"loc":{"start":{"line":10,"column":4},"end":{"line":18,"column":5}},"type":"if","locations":[{"start":{"line":10,"column":4},"end":{"line":18,"column":5}},{"start":{"line":12,"column":11},"end":{"line":18,"column":5}}],"line":10},"1":{"loc":{"start":{"line":14,"column":12},"end":{"line":16,"column":13}},"type":"if","locations":[{"start":{"line":14,"column":12},"end":{"line":16,"column":13}},{"start":{},"end":{}}],"line":14},"2":{"loc":{"start":{"line":26,"column":8},"end":{"line":41,"column":9}},"type":"if","locations":[{"start":{"line":26,"column":8},"end":{"line":41,"column":9}},{"start":{"line":37,"column":15},"end":{"line":41,"column":9}}],"line":26},"3":{"loc":{"start":{"line":26,"column":12},"end":{"line":26,"column":43}},"type":"binary-expr","locations":[{"start":{"line":26,"column":12},"end":{"line":26,"column":24}},{"start":{"line":26,"column":28},"end":{"line":26,"column":43}}],"line":26}},"s":{"0":4,"1":0,"2":4,"3":4,"4":0,"5":4,"6":4,"7":4,"8":4,"9":0,"10":0,"11":0,"12":0,"13":0,"14":0,"15":0,"16":0,"17":0,"18":4,"19":0,"20":0,"21":0,"22":4,"23":0,"24":0,"25":1,"26":3},"f":{"0":4,"1":4,"2":0,"3":0,"4":0,"5":0,"6":0,"7":0,"8":0,"9":0,"10":1},"b":{"0":[0,4],"1":[0,4],"2":[0,0],"3":[0,0]},"_coverageSchema":"1a1c01bbd47fc00a2c39e90264f33305004495a9","hash":"8822b67a4253b8b55f5a5d6d67d1ee3ace730423"}
,"C:\\Users\\svenh\\italy_code\\mobile_application_project\\screens\\Settings.js": {"path":"C:\\Users\\svenh\\italy_code\\mobile_application_project\\screens\\Settings.js","statementMap":{"0":{"start":{"line":9,"column":23},"end":{"line":9,"column":38}},"1":{"start":{"line":12,"column":24},"end":{"line":21,"column":5}},"2":{"start":{"line":13,"column":8},"end":{"line":20,"column":11}},"3":{"start":{"line":15,"column":12},"end":{"line":15,"column":34}},"4":{"start":{"line":16,"column":12},"end":{"line":16,"column":39}},"5":{"start":{"line":19,"column":12},"end":{"line":19,"column":30}},"6":{"start":{"line":23,"column":4},"end":{"line":33,"column":5}},"7":{"start":{"line":36,"column":15},"end":{"line":67,"column":2}}},"fnMap":{"0":{"name":"Settings","decl":{"start":{"line":7,"column":24},"end":{"line":7,"column":32}},"loc":{"start":{"line":7,"column":35},"end":{"line":34,"column":1}},"line":7},"1":{"name":"(anonymous_1)","decl":{"start":{"line":12,"column":24},"end":{"line":12,"column":25}},"loc":{"start":{"line":12,"column":30},"end":{"line":21,"column":5}},"line":12},"2":{"name":"(anonymous_2)","decl":{"start":{"line":13,"column":27},"end":{"line":13,"column":28}},"loc":{"start":{"line":13,"column":33},"end":{"line":17,"column":9}},"line":13},"3":{"name":"(anonymous_3)","decl":{"start":{"line":17,"column":17},"end":{"line":17,"column":18}},"loc":{"start":{"line":17,"column":28},"end":{"line":20,"column":9}},"line":17}},"branchMap":{},"s":{"0":0,"1":0,"2":0,"3":0,"4":0,"5":0,"6":0,"7":3},"f":{"0":0,"1":0,"2":0,"3":0},"b":{},"_coverageSchema":"1a1c01bbd47fc00a2c39e90264f33305004495a9","hash":"ae2adb6958baff92e5f2f5cc4d1a2065c7b97006"}
,"C:\\Users\\svenh\\italy_code\\mobile_application_project\\screens\\User.js": {"path":"C:\\Users\\svenh\\italy_code\\mobile_application_project\\screens\\User.js","statementMap":{"0":{"start":{"line":10,"column":13},"end":{"line":58,"column":1}},"1":{"start":{"line":11,"column":23},"end":{"line":11,"column":38}},"2":{"start":{"line":12,"column":46},"end":{"line":12,"column":58}},"3":{"start":{"line":14,"column":29},"end":{"line":25,"column":5}},"4":{"start":{"line":15,"column":8},"end":{"line":24,"column":9}},"5":{"start":{"line":16,"column":12},"end":{"line":21,"column":13}},"6":{"start":{"line":17,"column":36},"end":{"line":17,"column":71}},"7":{"start":{"line":18,"column":16},"end":{"line":20,"column":19}},"8":{"start":{"line":19,"column":20},"end":{"line":19,"column":54}},"9":{"start":{"line":23,"column":12},"end":{"line":23,"column":33}},"10":{"start":{"line":26,"column":4},"end":{"line":28,"column":24}},"11":{"start":{"line":27,"column":8},"end":{"line":27,"column":27}},"12":{"start":{"line":31,"column":4},"end":{"line":57,"column":5}},"13":{"start":{"line":35,"column":35},"end":{"line":35,"column":66}},"14":{"start":{"line":52,"column":66},"end":{"line":52,"column":97}},"15":{"start":{"line":60,"column":15},"end":{"line":129,"column":2}}},"fnMap":{"0":{"name":"(anonymous_0)","decl":{"start":{"line":10,"column":13},"end":{"line":10,"column":14}},"loc":{"start":{"line":10,"column":33},"end":{"line":58,"column":1}},"line":10},"1":{"name":"(anonymous_1)","decl":{"start":{"line":14,"column":29},"end":{"line":14,"column":30}},"loc":{"start":{"line":14,"column":35},"end":{"line":25,"column":5}},"line":14},"2":{"name":"(anonymous_2)","decl":{"start":{"line":18,"column":40},"end":{"line":18,"column":41}},"loc":{"start":{"line":18,"column":52},"end":{"line":20,"column":17}},"line":18},"3":{"name":"(anonymous_3)","decl":{"start":{"line":26,"column":14},"end":{"line":26,"column":15}},"loc":{"start":{"line":26,"column":20},"end":{"line":28,"column":5}},"line":26},"4":{"name":"(anonymous_4)","decl":{"start":{"line":35,"column":29},"end":{"line":35,"column":30}},"loc":{"start":{"line":35,"column":35},"end":{"line":35,"column":66}},"line":35},"5":{"name":"(anonymous_5)","decl":{"start":{"line":52,"column":60},"end":{"line":52,"column":61}},"loc":{"start":{"line":52,"column":66},"end":{"line":52,"column":97}},"line":52}},"branchMap":{"0":{"loc":{"start":{"line":16,"column":12},"end":{"line":21,"column":13}},"type":"if","locations":[{"start":{"line":16,"column":12},"end":{"line":21,"column":13}},{"start":{},"end":{}}],"line":16},"1":{"loc":{"start":{"line":50,"column":17},"end":{"line":53,"column":17}},"type":"cond-expr","locations":[{"start":{"line":51,"column":20},"end":{"line":51,"column":83}},{"start":{"line":52,"column":21},"end":{"line":52,"column":112}}],"line":50}},"s":{"0":3,"1":0,"2":0,"3":0,"4":0,"5":0,"6":0,"7":0,"8":0,"9":0,"10":0,"11":0,"12":0,"13":0,"14":0,"15":3},"f":{"0":0,"1":0,"2":0,"3":0,"4":0,"5":0},"b":{"0":[0,0],"1":[0,0]},"_coverageSchema":"1a1c01bbd47fc00a2c39e90264f33305004495a9","hash":"b022d7f52670c2493d58fa7197d0161658970a18"}
,"C:\\Users\\svenh\\italy_code\\mobile_application_project\\screens\\Groups\\GroupPage.js": {"path":"C:\\Users\\svenh\\italy_code\\mobile_application_project\\screens\\Groups\\GroupPage.js","statementMap":{"0":{"start":{"line":14,"column":23},"end":{"line":14,"column":38}},"1":{"start":{"line":16,"column":23},"end":{"line":16,"column":38}},"2":{"start":{"line":17,"column":46},"end":{"line":17,"column":61}},"3":{"start":{"line":19,"column":24},"end":{"line":27,"column":5}},"4":{"start":{"line":20,"column":8},"end":{"line":25,"column":9}},"5":{"start":{"line":21,"column":12},"end":{"line":21,"column":36}},"6":{"start":{"line":24,"column":12},"end":{"line":24,"column":35}},"7":{"start":{"line":26,"column":8},"end":{"line":26,"column":35}},"8":{"start":{"line":29,"column":4},"end":{"line":31,"column":11}},"9":{"start":{"line":30,"column":8},"end":{"line":30,"column":22}},"10":{"start":{"line":33,"column":52},"end":{"line":33,"column":64}},"11":{"start":{"line":34,"column":46},"end":{"line":34,"column":58}},"12":{"start":{"line":35,"column":26},"end":{"line":35,"column":42}},"13":{"start":{"line":37,"column":29},"end":{"line":47,"column":5}},"14":{"start":{"line":38,"column":8},"end":{"line":46,"column":9}},"15":{"start":{"line":40,"column":31},"end":{"line":40,"column":72}},"16":{"start":{"line":41,"column":12},"end":{"line":43,"column":15}},"17":{"start":{"line":42,"column":16},"end":{"line":42,"column":61}},"18":{"start":{"line":45,"column":12},"end":{"line":45,"column":33}},"19":{"start":{"line":49,"column":4},"end":{"line":51,"column":11}},"20":{"start":{"line":50,"column":8},"end":{"line":50,"column":27}},"21":{"start":{"line":53,"column":4},"end":{"line":60,"column":27}},"22":{"start":{"line":54,"column":8},"end":{"line":59,"column":9}},"23":{"start":{"line":55,"column":32},"end":{"line":55,"column":67}},"24":{"start":{"line":56,"column":12},"end":{"line":58,"column":15}},"25":{"start":{"line":57,"column":16},"end":{"line":57,"column":50}},"26":{"start":{"line":63,"column":31},"end":{"line":90,"column":5}},"27":{"start":{"line":64,"column":42},"end":{"line":64,"column":54}},"28":{"start":{"line":66,"column":8},"end":{"line":78,"column":15}},"29":{"start":{"line":67,"column":12},"end":{"line":77,"column":13}},"30":{"start":{"line":68,"column":37},"end":{"line":68,"column":58}},"31":{"start":{"line":69,"column":16},"end":{"line":76,"column":19}},"32":{"start":{"line":70,"column":39},"end":{"line":70,"column":63}},"33":{"start":{"line":71,"column":20},"end":{"line":75,"column":23}},"34":{"start":{"line":72,"column":42},"end":{"line":72,"column":67}},"35":{"start":{"line":73,"column":41},"end":{"line":73,"column":65}},"36":{"start":{"line":74,"column":24},"end":{"line":74,"column":102}},"37":{"start":{"line":74,"column":54},"end":{"line":74,"column":100}},"38":{"start":{"line":81,"column":8},"end":{"line":89,"column":10}},"39":{"start":{"line":84,"column":20},"end":{"line":86,"column":27}},"40":{"start":{"line":92,"column":52},"end":{"line":92,"column":64}},"41":{"start":{"line":94,"column":32},"end":{"line":107,"column":5}},"42":{"start":{"line":97,"column":8},"end":{"line":106,"column":11}},"43":{"start":{"line":98,"column":12},"end":{"line":105,"column":13}},"44":{"start":{"line":100,"column":48},"end":{"line":100,"column":124}},"45":{"start":{"line":101,"column":41},"end":{"line":101,"column":113}},"46":{"start":{"line":104,"column":16},"end":{"line":104,"column":102}},"47":{"start":{"line":110,"column":4},"end":{"line":112,"column":11}},"48":{"start":{"line":111,"column":8},"end":{"line":111,"column":30}},"49":{"start":{"line":114,"column":4},"end":{"line":141,"column":5}},"50":{"start":{"line":145,"column":15},"end":{"line":300,"column":2}}},"fnMap":{"0":{"name":"GroupPage","decl":{"start":{"line":12,"column":24},"end":{"line":12,"column":33}},"loc":{"start":{"line":12,"column":36},"end":{"line":142,"column":1}},"line":12},"1":{"name":"(anonymous_1)","decl":{"start":{"line":19,"column":24},"end":{"line":19,"column":25}},"loc":{"start":{"line":19,"column":36},"end":{"line":27,"column":5}},"line":19},"2":{"name":"(anonymous_2)","decl":{"start":{"line":29,"column":14},"end":{"line":29,"column":15}},"loc":{"start":{"line":29,"column":20},"end":{"line":31,"column":5}},"line":29},"3":{"name":"(anonymous_3)","decl":{"start":{"line":37,"column":29},"end":{"line":37,"column":30}},"loc":{"start":{"line":37,"column":35},"end":{"line":47,"column":5}},"line":37},"4":{"name":"(anonymous_4)","decl":{"start":{"line":41,"column":35},"end":{"line":41,"column":36}},"loc":{"start":{"line":41,"column":47},"end":{"line":43,"column":13}},"line":41},"5":{"name":"(anonymous_5)","decl":{"start":{"line":49,"column":14},"end":{"line":49,"column":15}},"loc":{"start":{"line":49,"column":20},"end":{"line":51,"column":5}},"line":49},"6":{"name":"(anonymous_6)","decl":{"start":{"line":53,"column":14},"end":{"line":53,"column":15}},"loc":{"start":{"line":53,"column":20},"end":{"line":60,"column":5}},"line":53},"7":{"name":"(anonymous_7)","decl":{"start":{"line":56,"column":36},"end":{"line":56,"column":37}},"loc":{"start":{"line":56,"column":48},"end":{"line":58,"column":13}},"line":56},"8":{"name":"(anonymous_8)","decl":{"start":{"line":63,"column":31},"end":{"line":63,"column":32}},"loc":{"start":{"line":63,"column":37},"end":{"line":90,"column":5}},"line":63},"9":{"name":"(anonymous_9)","decl":{"start":{"line":66,"column":18},"end":{"line":66,"column":19}},"loc":{"start":{"line":66,"column":24},"end":{"line":78,"column":9}},"line":66},"10":{"name":"(anonymous_10)","decl":{"start":{"line":69,"column":37},"end":{"line":69,"column":38}},"loc":{"start":{"line":69,"column":47},"end":{"line":76,"column":17}},"line":69},"11":{"name":"(anonymous_11)","decl":{"start":{"line":71,"column":43},"end":{"line":71,"column":44}},"loc":{"start":{"line":71,"column":55},"end":{"line":75,"column":21}},"line":71},"12":{"name":"(anonymous_12)","decl":{"start":{"line":74,"column":37},"end":{"line":74,"column":38}},"loc":{"start":{"line":74,"column":54},"end":{"line":74,"column":100}},"line":74},"13":{"name":"(anonymous_13)","decl":{"start":{"line":83,"column":31},"end":{"line":83,"column":32}},"loc":{"start":{"line":84,"column":20},"end":{"line":86,"column":27}},"line":84},"14":{"name":"(anonymous_14)","decl":{"start":{"line":94,"column":32},"end":{"line":94,"column":33}},"loc":{"start":{"line":94,"column":38},"end":{"line":107,"column":5}},"line":94},"15":{"name":"(anonymous_15)","decl":{"start":{"line":97,"column":30},"end":{"line":97,"column":31}},"loc":{"start":{"line":97,"column":43},"end":{"line":106,"column":9}},"line":97},"16":{"name":"(anonymous_16)","decl":{"start":{"line":110,"column":14},"end":{"line":110,"column":15}},"loc":{"start":{"line":110,"column":20},"end":{"line":112,"column":5}},"line":110}},"branchMap":{"0":{"loc":{"start":{"line":20,"column":8},"end":{"line":25,"column":9}},"type":"if","locations":[{"start":{"line":20,"column":8},"end":{"line":25,"column":9}},{"start":{"line":23,"column":13},"end":{"line":25,"column":9}}],"line":20},"1":{"loc":{"start":{"line":54,"column":8},"end":{"line":59,"column":9}},"type":"if","locations":[{"start":{"line":54,"column":8},"end":{"line":59,"column":9}},{"start":{},"end":{}}],"line":54},"2":{"loc":{"start":{"line":67,"column":12},"end":{"line":77,"column":13}},"type":"if","locations":[{"start":{"line":67,"column":12},"end":{"line":77,"column":13}},{"start":{},"end":{}}],"line":67},"3":{"loc":{"start":{"line":98,"column":12},"end":{"line":105,"column":13}},"type":"if","locations":[{"start":{"line":98,"column":12},"end":{"line":105,"column":13}},{"start":{},"end":{}}],"line":98},"4":{"loc":{"start":{"line":98,"column":16},"end":{"line":98,"column":137}},"type":"binary-expr","locations":[{"start":{"line":98,"column":16},"end":{"line":98,"column":35}},{"start":{"line":98,"column":39},"end":{"line":98,"column":86}},{"start":{"line":98,"column":90},"end":{"line":98,"column":137}}],"line":98},"5":{"loc":{"start":{"line":116,"column":13},"end":{"line":139,"column":13}},"type":"cond-expr","locations":[{"start":{"line":116,"column":39},"end":{"line":116,"column":57}},{"start":{"line":117,"column":16},"end":{"line":138,"column":23}}],"line":116},"6":{"loc":{"start":{"line":133,"column":25},"end":{"line":136,"column":25}},"type":"cond-expr","locations":[{"start":{"line":133,"column":57},"end":{"line":133,"column":131}},{"start":{"line":135,"column":28},"end":{"line":135,"column":70}}],"line":133}},"s":{"0":0,"1":0,"2":0,"3":0,"4":0,"5":0,"6":0,"7":0,"8":0,"9":0,"10":0,"11":0,"12":0,"13":0,"14":0,"15":0,"16":0,"17":0,"18":0,"19":0,"20":0,"21":0,"22":0,"23":0,"24":0,"25":0,"26":0,"27":0,"28":0,"29":0,"30":0,"31":0,"32":0,"33":0,"34":0,"35":0,"36":0,"37":0,"38":0,"39":0,"40":0,"41":0,"42":0,"43":0,"44":0,"45":0,"46":0,"47":0,"48":0,"49":0,"50":3},"f":{"0":0,"1":0,"2":0,"3":0,"4":0,"5":0,"6":0,"7":0,"8":0,"9":0,"10":0,"11":0,"12":0,"13":0,"14":0,"15":0,"16":0},"b":{"0":[0,0],"1":[0,0],"2":[0,0],"3":[0,0],"4":[0,0,0],"5":[0,0],"6":[0,0]},"_coverageSchema":"1a1c01bbd47fc00a2c39e90264f33305004495a9","hash":"43556e64f89b6d8390ce45cb4c2ce0dfe84d4998"}
,"C:\\Users\\svenh\\italy_code\\mobile_application_project\\screens\\Matches\\GroupUp.js": {"path":"C:\\Users\\svenh\\italy_code\\mobile_application_project\\screens\\Matches\\GroupUp.js","statementMap":{"0":{"start":{"line":9,"column":20},"end":{"line":146,"column":1}},"1":{"start":{"line":10,"column":38},"end":{"line":10,"column":50}},"2":{"start":{"line":11,"column":52},"end":{"line":11,"column":64}},"3":{"start":{"line":12,"column":27},"end":{"line":12,"column":111}},"4":{"start":{"line":12,"column":53},"end":{"line":12,"column":110}},"5":{"start":{"line":13,"column":28},"end":{"line":13,"column":84}},"6":{"start":{"line":13,"column":52},"end":{"line":13,"column":83}},"7":{"start":{"line":15,"column":63},"end":{"line":15,"column":75}},"8":{"start":{"line":16,"column":23},"end":{"line":18,"column":5}},"9":{"start":{"line":17,"column":8},"end":{"line":17,"column":72}},"10":{"start":{"line":20,"column":26},"end":{"line":44,"column":5}},"11":{"start":{"line":21,"column":26},"end":{"line":21,"column":50}},"12":{"start":{"line":22,"column":27},"end":{"line":22,"column":52}},"13":{"start":{"line":23,"column":27},"end":{"line":23,"column":59}},"14":{"start":{"line":24,"column":8},"end":{"line":43,"column":9}},"15":{"start":{"line":24,"column":19},"end":{"line":24,"column":20}},"16":{"start":{"line":25,"column":28},"end":{"line":25,"column":54}},"17":{"start":{"line":26,"column":29},"end":{"line":26,"column":56}},"18":{"start":{"line":28,"column":37},"end":{"line":28,"column":62}},"19":{"start":{"line":29,"column":38},"end":{"line":29,"column":64}},"20":{"start":{"line":30,"column":37},"end":{"line":30,"column":62}},"21":{"start":{"line":31,"column":38},"end":{"line":31,"column":64}},"22":{"start":{"line":33,"column":22},"end":{"line":33,"column":185}},"23":{"start":{"line":34,"column":22},"end":{"line":34,"column":34}},"24":{"start":{"line":35,"column":29},"end":{"line":35,"column":44}},"25":{"start":{"line":38,"column":12},"end":{"line":38,"column":34}},"26":{"start":{"line":39,"column":12},"end":{"line":39,"column":36}},"27":{"start":{"line":40,"column":12},"end":{"line":42,"column":13}},"28":{"start":{"line":41,"column":16},"end":{"line":41,"column":46}},"29":{"start":{"line":46,"column":4},"end":{"line":48,"column":11}},"30":{"start":{"line":47,"column":8},"end":{"line":47,"column":24}},"31":{"start":{"line":51,"column":25},"end":{"line":72,"column":5}},"32":{"start":{"line":52,"column":8},"end":{"line":71,"column":9}},"33":{"start":{"line":53,"column":32},"end":{"line":53,"column":56}},"34":{"start":{"line":54,"column":12},"end":{"line":60,"column":15}},"35":{"start":{"line":55,"column":30},"end":{"line":55,"column":32}},"36":{"start":{"line":56,"column":16},"end":{"line":58,"column":19}},"37":{"start":{"line":57,"column":20},"end":{"line":57,"column":45}},"38":{"start":{"line":59,"column":16},"end":{"line":59,"column":38}},"39":{"start":{"line":64,"column":31},"end":{"line":64,"column":72}},"40":{"start":{"line":65,"column":12},"end":{"line":67,"column":15}},"41":{"start":{"line":66,"column":16},"end":{"line":66,"column":61}},"42":{"start":{"line":70,"column":12},"end":{"line":70,"column":33}},"43":{"start":{"line":74,"column":4},"end":{"line":76,"column":11}},"44":{"start":{"line":75,"column":8},"end":{"line":75,"column":23}},"45":{"start":{"line":80,"column":23},"end":{"line":94,"column":5}},"46":{"start":{"line":81,"column":8},"end":{"line":93,"column":9}},"47":{"start":{"line":83,"column":32},"end":{"line":83,"column":61}},"48":{"start":{"line":84,"column":25},"end":{"line":87,"column":13}},"49":{"start":{"line":88,"column":12},"end":{"line":88,"column":46}},"50":{"start":{"line":89,"column":12},"end":{"line":89,"column":80}},"51":{"start":{"line":92,"column":12},"end":{"line":92,"column":33}},"52":{"start":{"line":96,"column":26},"end":{"line":112,"column":5}},"53":{"start":{"line":97,"column":8},"end":{"line":111,"column":9}},"54":{"start":{"line":99,"column":32},"end":{"line":99,"column":61}},"55":{"start":{"line":100,"column":29},"end":{"line":100,"column":82}},"56":{"start":{"line":100,"column":56},"end":{"line":100,"column":81}},"57":{"start":{"line":102,"column":25},"end":{"line":105,"column":13}},"58":{"start":{"line":106,"column":12},"end":{"line":106,"column":47}},"59":{"start":{"line":107,"column":12},"end":{"line":107,"column":80}},"60":{"start":{"line":110,"column":12},"end":{"line":110,"column":33}},"61":{"start":{"line":114,"column":17},"end":{"line":130,"column":5}},"62":{"start":{"line":115,"column":8},"end":{"line":129,"column":10}},"63":{"start":{"line":122,"column":49},"end":{"line":122,"column":66}},"64":{"start":{"line":125,"column":49},"end":{"line":125,"column":69}},"65":{"start":{"line":132,"column":4},"end":{"line":145,"column":6}},"66":{"start":{"line":137,"column":43},"end":{"line":137,"column":65}},"67":{"start":{"line":138,"column":42},"end":{"line":138,"column":59}},"68":{"start":{"line":139,"column":43},"end":{"line":139,"column":63}},"69":{"start":{"line":148,"column":15},"end":{"line":205,"column":2}}},"fnMap":{"0":{"name":"(anonymous_0)","decl":{"start":{"line":9,"column":20},"end":{"line":9,"column":21}},"loc":{"start":{"line":9,"column":26},"end":{"line":146,"column":1}},"line":9},"1":{"name":"(anonymous_1)","decl":{"start":{"line":12,"column":44},"end":{"line":12,"column":45}},"loc":{"start":{"line":12,"column":53},"end":{"line":12,"column":110}},"line":12},"2":{"name":"(anonymous_2)","decl":{"start":{"line":13,"column":43},"end":{"line":13,"column":44}},"loc":{"start":{"line":13,"column":52},"end":{"line":13,"column":83}},"line":13},"3":{"name":"(anonymous_3)","decl":{"start":{"line":16,"column":23},"end":{"line":16,"column":24}},"loc":{"start":{"line":16,"column":37},"end":{"line":18,"column":5}},"line":16},"4":{"name":"(anonymous_4)","decl":{"start":{"line":20,"column":26},"end":{"line":20,"column":27}},"loc":{"start":{"line":20,"column":38},"end":{"line":44,"column":5}},"line":20},"5":{"name":"(anonymous_5)","decl":{"start":{"line":46,"column":20},"end":{"line":46,"column":21}},"loc":{"start":{"line":46,"column":26},"end":{"line":48,"column":5}},"line":46},"6":{"name":"(anonymous_6)","decl":{"start":{"line":51,"column":25},"end":{"line":51,"column":26}},"loc":{"start":{"line":51,"column":31},"end":{"line":72,"column":5}},"line":51},"7":{"name":"(anonymous_7)","decl":{"start":{"line":54,"column":36},"end":{"line":54,"column":37}},"loc":{"start":{"line":54,"column":48},"end":{"line":60,"column":13}},"line":54},"8":{"name":"(anonymous_8)","decl":{"start":{"line":56,"column":33},"end":{"line":56,"column":34}},"loc":{"start":{"line":56,"column":40},"end":{"line":58,"column":17}},"line":56},"9":{"name":"(anonymous_9)","decl":{"start":{"line":65,"column":35},"end":{"line":65,"column":36}},"loc":{"start":{"line":65,"column":47},"end":{"line":67,"column":13}},"line":65},"10":{"name":"(anonymous_10)","decl":{"start":{"line":74,"column":14},"end":{"line":74,"column":15}},"loc":{"start":{"line":74,"column":20},"end":{"line":76,"column":5}},"line":74},"11":{"name":"(anonymous_11)","decl":{"start":{"line":80,"column":23},"end":{"line":80,"column":24}},"loc":{"start":{"line":80,"column":40},"end":{"line":94,"column":5}},"line":80},"12":{"name":"(anonymous_12)","decl":{"start":{"line":96,"column":26},"end":{"line":96,"column":27}},"loc":{"start":{"line":96,"column":43},"end":{"line":112,"column":5}},"line":96},"13":{"name":"(anonymous_13)","decl":{"start":{"line":100,"column":48},"end":{"line":100,"column":49}},"loc":{"start":{"line":100,"column":56},"end":{"line":100,"column":81}},"line":100},"14":{"name":"(anonymous_14)","decl":{"start":{"line":114,"column":17},"end":{"line":114,"column":18}},"loc":{"start":{"line":114,"column":32},"end":{"line":130,"column":5}},"line":114},"15":{"name":"(anonymous_15)","decl":{"start":{"line":122,"column":43},"end":{"line":122,"column":44}},"loc":{"start":{"line":122,"column":49},"end":{"line":122,"column":66}},"line":122},"16":{"name":"(anonymous_16)","decl":{"start":{"line":125,"column":43},"end":{"line":125,"column":44}},"loc":{"start":{"line":125,"column":49},"end":{"line":125,"column":69}},"line":125},"17":{"name":"(anonymous_17)","decl":{"start":{"line":137,"column":32},"end":{"line":137,"column":33}},"loc":{"start":{"line":137,"column":43},"end":{"line":137,"column":65}},"line":137},"18":{"name":"(anonymous_18)","decl":{"start":{"line":138,"column":31},"end":{"line":138,"column":32}},"loc":{"start":{"line":138,"column":42},"end":{"line":138,"column":59}},"line":138},"19":{"name":"(anonymous_19)","decl":{"start":{"line":139,"column":32},"end":{"line":139,"column":33}},"loc":{"start":{"line":139,"column":43},"end":{"line":139,"column":63}},"line":139}},"branchMap":{"0":{"loc":{"start":{"line":12,"column":53},"end":{"line":12,"column":110}},"type":"binary-expr","locations":[{"start":{"line":12,"column":53},"end":{"line":12,"column":66}},{"start":{"line":12,"column":70},"end":{"line":12,"column":110}}],"line":12},"1":{"loc":{"start":{"line":40,"column":12},"end":{"line":42,"column":13}},"type":"if","locations":[{"start":{"line":40,"column":12},"end":{"line":42,"column":13}},{"start":{},"end":{}}],"line":40},"2":{"loc":{"start":{"line":134,"column":13},"end":{"line":143,"column":13}},"type":"cond-expr","locations":[{"start":{"line":135,"column":16},"end":{"line":140,"column":18}},{"start":{"line":142,"column":16},"end":{"line":142,"column":88}}],"line":134},"3":{"loc":{"start":{"line":134,"column":13},"end":{"line":134,"column":70}},"type":"binary-expr","locations":[{"start":{"line":134,"column":13},"end":{"line":134,"column":33}},{"start":{"line":134,"column":37},"end":{"line":134,"column":70}}],"line":134}},"s":{"0":3,"1":0,"2":0,"3":0,"4":0,"5":0,"6":0,"7":0,"8":0,"9":0,"10":0,"11":0,"12":0,"13":0,"14":0,"15":0,"16":0,"17":0,"18":0,"19":0,"20":0,"21":0,"22":0,"23":0,"24":0,"25":0,"26":0,"27":0,"28":0,"29":0,"30":0,"31":0,"32":0,"33":0,"34":0,"35":0,"36":0,"37":0,"38":0,"39":0,"40":0,"41":0,"42":0,"43":0,"44":0,"45":0,"46":0,"47":0,"48":0,"49":0,"50":0,"51":0,"52":0,"53":0,"54":0,"55":0,"56":0,"57":0,"58":0,"59":0,"60":0,"61":0,"62":0,"63":0,"64":0,"65":0,"66":0,"67":0,"68":0,"69":3},"f":{"0":0,"1":0,"2":0,"3":0,"4":0,"5":0,"6":0,"7":0,"8":0,"9":0,"10":0,"11":0,"12":0,"13":0,"14":0,"15":0,"16":0,"17":0,"18":0,"19":0},"b":{"0":[0,0],"1":[0,0],"2":[0,0],"3":[0,0]},"_coverageSchema":"1a1c01bbd47fc00a2c39e90264f33305004495a9","hash":"a519fbdf26a9f51554dfd7e9d2c06e1f9a129a04"}
,"C:\\Users\\svenh\\italy_code\\mobile_application_project\\screens\\SignUp\\Register.js": {"path":"C:\\Users\\svenh\\italy_code\\mobile_application_project\\screens\\SignUp\\Register.js","statementMap":{"0":{"start":{"line":14,"column":28},"end":{"line":14,"column":40}},"1":{"start":{"line":15,"column":36},"end":{"line":15,"column":48}},"2":{"start":{"line":16,"column":34},"end":{"line":16,"column":46}},"3":{"start":{"line":17,"column":30},"end":{"line":17,"column":42}},"4":{"start":{"line":18,"column":24},"end":{"line":18,"column":36}},"5":{"start":{"line":19,"column":28},"end":{"line":19,"column":40}},"6":{"start":{"line":20,"column":18},"end":{"line":20,"column":20}},"7":{"start":{"line":21,"column":34},"end":{"line":21,"column":46}},"8":{"start":{"line":22,"column":48},"end":{"line":22,"column":60}},"9":{"start":{"line":23,"column":34},"end":{"line":23,"column":52}},"10":{"start":{"line":25,"column":24},"end":{"line":29,"column":3}},"11":{"start":{"line":31,"column":20},"end":{"line":46,"column":3}},"12":{"start":{"line":33,"column":17},"end":{"line":38,"column":6}},"13":{"start":{"line":40,"column":4},"end":{"line":40,"column":24}},"14":{"start":{"line":42,"column":4},"end":{"line":44,"column":5}},"15":{"start":{"line":43,"column":6},"end":{"line":43,"column":37}},"16":{"start":{"line":45,"column":4},"end":{"line":45,"column":23}},"17":{"start":{"line":48,"column":23},"end":{"line":72,"column":3}},"18":{"start":{"line":49,"column":4},"end":{"line":71,"column":5}},"19":{"start":{"line":51,"column":23},"end":{"line":51,"column":82}},"20":{"start":{"line":52,"column":25},"end":{"line":52,"column":48}},"21":{"start":{"line":56,"column":6},"end":{"line":65,"column":9}},"22":{"start":{"line":67,"column":6},"end":{"line":67,"column":34}},"23":{"start":{"line":70,"column":6},"end":{"line":70,"column":27}},"24":{"start":{"line":74,"column":2},"end":{"line":146,"column":3}},"25":{"start":{"line":138,"column":12},"end":{"line":138,"column":39}},"26":{"start":{"line":150,"column":15},"end":{"line":217,"column":2}}},"fnMap":{"0":{"name":"Register","decl":{"start":{"line":13,"column":24},"end":{"line":13,"column":32}},"loc":{"start":{"line":13,"column":49},"end":{"line":148,"column":1}},"line":13},"1":{"name":"(anonymous_1)","decl":{"start":{"line":31,"column":20},"end":{"line":31,"column":21}},"loc":{"start":{"line":31,"column":32},"end":{"line":46,"column":3}},"line":31},"2":{"name":"(anonymous_2)","decl":{"start":{"line":48,"column":23},"end":{"line":48,"column":24}},"loc":{"start":{"line":48,"column":35},"end":{"line":72,"column":3}},"line":48},"3":{"name":"(anonymous_3)","decl":{"start":{"line":137,"column":19},"end":{"line":137,"column":20}},"loc":{"start":{"line":138,"column":12},"end":{"line":138,"column":39}},"line":138}},"branchMap":{"0":{"loc":{"start":{"line":42,"column":4},"end":{"line":44,"column":5}},"type":"if","locations":[{"start":{"line":42,"column":4},"end":{"line":44,"column":5}},{"start":{},"end":{}}],"line":42},"1":{"loc":{"start":{"line":115,"column":11},"end":{"line":115,"column":83}},"type":"binary-expr","locations":[{"start":{"line":115,"column":11},"end":{"line":115,"column":16}},{"start":{"line":115,"column":20},"end":{"line":115,"column":83}}],"line":115}},"s":{"0":2,"1":2,"2":2,"3":2,"4":2,"5":2,"6":2,"7":2,"8":2,"9":2,"10":2,"11":2,"12":0,"13":0,"14":0,"15":0,"16":0,"17":2,"18":0,"19":0,"20":0,"21":0,"22":0,"23":0,"24":2,"25":0,"26":4},"f":{"0":2,"1":0,"2":0,"3":0},"b":{"0":[0,0],"1":[2,0]},"_coverageSchema":"1a1c01bbd47fc00a2c39e90264f33305004495a9","hash":"5407525730225074623f1cf952d56a456880c3f7"}
,"C:\\Users\\svenh\\italy_code\\mobile_application_project\\screens\\SignUp\\signupValidation.js": {"path":"C:\\Users\\svenh\\italy_code\\mobile_application_project\\screens\\SignUp\\signupValidation.js","statementMap":{"0":{"start":{"line":7,"column":32},"end":{"line":24,"column":1}},"1":{"start":{"line":8,"column":4},"end":{"line":10,"column":5}},"2":{"start":{"line":9,"column":8},"end":{"line":9,"column":21}},"3":{"start":{"line":12,"column":21},"end":{"line":12,"column":22}},"4":{"start":{"line":13,"column":24},"end":{"line":13,"column":25}},"5":{"start":{"line":15,"column":4},"end":{"line":21,"column":5}},"6":{"start":{"line":15,"column":17},"end":{"line":15,"column":18}},"7":{"start":{"line":16,"column":8},"end":{"line":19,"column":9}},"8":{"start":{"line":17,"column":12},"end":{"line":17,"column":28}},"9":{"start":{"line":18,"column":12},"end":{"line":18,"column":21}},"10":{"start":{"line":20,"column":8},"end":{"line":20,"column":21}},"11":{"start":{"line":23,"column":4},"end":{"line":23,"column":51}},"12":{"start":{"line":33,"column":28},"end":{"line":37,"column":1}},"13":{"start":{"line":34,"column":21},"end":{"line":34,"column":68}},"14":{"start":{"line":36,"column":4},"end":{"line":36,"column":36}},"15":{"start":{"line":46,"column":27},"end":{"line":50,"column":1}},"16":{"start":{"line":47,"column":18},"end":{"line":47,"column":37}},"17":{"start":{"line":49,"column":4},"end":{"line":49,"column":32}},"18":{"start":{"line":58,"column":23},"end":{"line":60,"column":1}},"19":{"start":{"line":59,"column":4},"end":{"line":59,"column":23}}},"fnMap":{"0":{"name":"(anonymous_0)","decl":{"start":{"line":7,"column":32},"end":{"line":7,"column":33}},"loc":{"start":{"line":7,"column":46},"end":{"line":24,"column":1}},"line":7},"1":{"name":"(anonymous_1)","decl":{"start":{"line":33,"column":28},"end":{"line":33,"column":29}},"loc":{"start":{"line":33,"column":39},"end":{"line":37,"column":1}},"line":33},"2":{"name":"(anonymous_2)","decl":{"start":{"line":46,"column":27},"end":{"line":46,"column":28}},"loc":{"start":{"line":46,"column":39},"end":{"line":50,"column":1}},"line":46},"3":{"name":"(anonymous_3)","decl":{"start":{"line":58,"column":23},"end":{"line":58,"column":24}},"loc":{"start":{"line":58,"column":32},"end":{"line":60,"column":1}},"line":58}},"branchMap":{"0":{"loc":{"start":{"line":8,"column":4},"end":{"line":10,"column":5}},"type":"if","locations":[{"start":{"line":8,"column":4},"end":{"line":10,"column":5}},{"start":{},"end":{}}],"line":8},"1":{"loc":{"start":{"line":16,"column":8},"end":{"line":19,"column":9}},"type":"if","locations":[{"start":{"line":16,"column":8},"end":{"line":19,"column":9}},{"start":{},"end":{}}],"line":16},"2":{"loc":{"start":{"line":23,"column":12},"end":{"line":23,"column":49}},"type":"binary-expr","locations":[{"start":{"line":23,"column":12},"end":{"line":23,"column":30}},{"start":{"line":23,"column":34},"end":{"line":23,"column":49}}],"line":23}},"s":{"0":0,"1":0,"2":0,"3":0,"4":0,"5":0,"6":0,"7":0,"8":0,"9":0,"10":0,"11":0,"12":0,"13":0,"14":0,"15":0,"16":0,"17":0,"18":0,"19":0},"f":{"0":0,"1":0,"2":0,"3":0},"b":{"0":[0,0],"1":[0,0],"2":[0,0]}}
,"C:\\Users\\svenh\\italy_code\\mobile_application_project\\styles\\colorpalette.js": {"path":"C:\\Users\\svenh\\italy_code\\mobile_application_project\\styles\\colorpalette.js","statementMap":{},"fnMap":{},"branchMap":{},"s":{},"f":{},"b":{}}
}
