TN:
SF:App.js
FN:5,App
FNF:1
FNH:1
FNDA:2,App
DA:6,2
LF:1
LH:1
BRF:0
BRH:0
end_of_record
TN:
SF:AppNavigator.js
FN:14,AppNavigator
FNF:1
FNH:1
FNDA:4,AppNavigator
DA:12,3
DA:16,4
LF:2
LH:2
BRF:0
BRH:0
end_of_record
TN:
SF:firebase.js
FNF:0
FNH:0
DA:4,4
DA:14,4
DA:16,4
LF:3
LH:3
BRF:0
BRH:0
end_of_record
TN:
SF:components\PopUp.js
FN:4,(anonymous_0)
FNF:1
FNH:0
FNDA:0,(anonymous_0)
DA:4,0
DA:5,0
LF:2
LH:0
BRF:0
BRH:0
end_of_record
TN:
SF:screens\Calendar.js
FN:4,Calendar
FNF:1
FNH:0
FNDA:0,Calendar
DA:5,0
LF:1
LH:0
BRF:0
BRH:0
end_of_record
TN:
SF:screens\Homepage.js
FN:4,Homepage
FNF:1
FNH:0
FNDA:0,Homepage
DA:5,0
DA:13,3
LF:2
LH:1
BRF:0
BRH:0
end_of_record
TN:
SF:screens\Login.js
FN:6,Login
FN:11,(anonymous_1)
FN:12,(anonymous_2)
FN:20,(anonymous_3)
FN:25,(anonymous_4)
FN:32,(anonymous_5)
FN:34,(anonymous_6)
FN:40,(anonymous_7)
FN:63,(anonymous_8)
FN:68,(anonymous_9)
FN:83,(anonymous_10)
FNF:11
FNH:4
FNDA:4,Login
FNDA:4,(anonymous_1)
FNDA:4,(anonymous_2)
FNDA:0,(anonymous_3)
FNDA:0,(anonymous_4)
FNDA:0,(anonymous_5)
FNDA:0,(anonymous_6)
FNDA:0,(anonymous_7)
FNDA:0,(anonymous_8)
FNDA:0,(anonymous_9)
FNDA:1,(anonymous_10)
DA:8,4
DA:9,4
DA:11,4
DA:12,4
DA:13,4
DA:14,0
DA:17,4
DA:20,4
DA:21,0
DA:25,0
DA:32,4
DA:33,0
DA:36,0
DA:37,0
DA:41,0
DA:42,0
DA:43,0
DA:44,0
DA:50,4
DA:63,0
DA:68,0
DA:84,1
DA:96,3
LF:23
LH:11
BRDA:13,0,0,0
BRDA:13,0,1,4
BRF:2
BRH:1
end_of_record
TN:
SF:screens\Navigation.js
FN:19,(anonymous_0)
FN:24,(anonymous_1)
FN:31,(anonymous_2)
FN:50,(anonymous_3)
FN:52,(anonymous_4)
FN:62,(anonymous_5)
FN:64,(anonymous_6)
FNF:7
FNH:0
FNDA:0,(anonymous_0)
FNDA:0,(anonymous_1)
FNDA:0,(anonymous_2)
FNDA:0,(anonymous_3)
FNDA:0,(anonymous_4)
FNDA:0,(anonymous_5)
FNDA:0,(anonymous_6)
DA:13,3
DA:14,3
DA:15,3
DA:17,3
DA:19,3
DA:20,0
DA:24,0
DA:33,0
DA:35,0
DA:36,0
DA:37,0
DA:38,0
DA:39,0
DA:40,0
DA:43,0
DA:51,0
DA:53,0
DA:63,0
DA:65,0
LF:19
LH:5
BRDA:35,0,0,0
BRDA:35,0,1,0
BRDA:36,1,0,0
BRDA:36,1,1,0
BRDA:37,2,0,0
BRDA:37,2,1,0
BRDA:38,3,0,0
BRDA:38,3,1,0
BRDA:39,4,0,0
BRDA:39,4,1,0
BRDA:40,5,0,0
BRDA:40,5,1,0
BRF:12
BRH:0
end_of_record
TN:
SF:screens\Register.js
FN:8,Register
FN:16,validatePassword
FN:19,(anonymous_2)
FN:24,(anonymous_3)
FN:31,(anonymous_4)
FN:37,(anonymous_5)
FN:43,(anonymous_6)
FN:64,(anonymous_7)
FN:70,(anonymous_8)
FNF:9
FNH:1
FNDA:2,Register
FNDA:0,validatePassword
FNDA:0,(anonymous_2)
FNDA:0,(anonymous_3)
FNDA:0,(anonymous_4)
FNDA:0,(anonymous_5)
FNDA:0,(anonymous_6)
FNDA:0,(anonymous_7)
FNDA:0,(anonymous_8)
DA:10,2
DA:11,2
DA:12,2
DA:14,2
DA:17,0
DA:19,2
DA:20,0
DA:24,0
DA:31,2
DA:32,0
DA:33,0
DA:34,0
DA:36,0
DA:39,0
DA:40,0
DA:44,0
DA:45,0
DA:46,0
DA:53,2
DA:64,0
DA:70,0
DA:90,4
LF:22
LH:8
BRDA:33,0,0,0
BRDA:33,0,1,0
BRF:2
BRH:0
end_of_record
TN:
SF:screens\Settings.js
FN:7,Settings
FN:12,(anonymous_1)
FN:13,(anonymous_2)
FN:17,(anonymous_3)
FNF:4
FNH:0
FNDA:0,Settings
FNDA:0,(anonymous_1)
FNDA:0,(anonymous_2)
FNDA:0,(anonymous_3)
DA:9,0
DA:12,0
DA:13,0
DA:15,0
DA:16,0
DA:19,0
DA:23,0
DA:36,3
LF:8
LH:1
BRF:0
BRH:0
end_of_record
TN:
SF:screens\User.js
FN:4,User
FNF:1
FNH:0
FNDA:0,User
DA:5,0
LF:1
LH:0
BRF:0
BRH:0
end_of_record
TN:
SF:styles\colorpalette.js
FNF:0
FNH:0
LF:0
LH:0
BRF:0
BRH:0
end_of_record
